<?xml version="1.0" encoding="UTF-8"?>
<!-- Generated by org.testng.reporters.JUnitXMLReporter -->
<testsuite ignored="0" hostname="DESKTOP-LR6SHG7" failures="0" tests="2" name="Command line test" time="0.145" errors="0" timestamp="2022-10-02T22:32:20 EDT">
  <testcase classname="com.javacodegeeks.testng.maven.TestNgMavenExample" name="exampleOfTestNgMaven" time="0.015"/>
  <testcase classname="com.javacodegeeks.testng.maven.TestNgMavenSecondClass" name="oneMoreTest" time="0.0"/>
</testsuite> <!-- Command line test -->
