<?xml version="1.0" encoding="UTF-8"?>
<testng-results ignored="0" total="2" passed="2" failed="0" skipped="0">
  <reporter-output>
  </reporter-output>
  <suite started-at="2022-10-02T22:32:20 EDT" name="Command line suite" finished-at="2022-10-02T22:32:20 EDT" duration-ms="145">
    <groups>
    </groups>
    <test started-at="2022-10-02T22:32:20 EDT" name="Command line test" finished-at="2022-10-02T22:32:20 EDT" duration-ms="145">
      <class name="com.javacodegeeks.testng.maven.TestNgMavenExample">
        <test-method signature="exampleOfTestNgMaven()[pri:0, instance:com.javacodegeeks.testng.maven.TestNgMavenExample@4d5d943d]" started-at="2022-10-02T22:32:20 EDT" name="exampleOfTestNgMaven" finished-at="2022-10-02T22:32:20 EDT" duration-ms="15" status="PASS">
          <reporter-output>
          </reporter-output>
        </test-method> <!-- exampleOfTestNgMaven -->
      </class> <!-- com.javacodegeeks.testng.maven.TestNgMavenExample -->
      <class name="com.javacodegeeks.testng.maven.TestNgMavenSecondClass">
        <test-method signature="oneMoreTest()[pri:0, instance:com.javacodegeeks.testng.maven.TestNgMavenSecondClass@59474f18]" started-at="2022-10-02T22:32:20 EDT" name="oneMoreTest" finished-at="2022-10-02T22:32:20 EDT" duration-ms="0" status="PASS">
          <reporter-output>
          </reporter-output>
        </test-method> <!-- oneMoreTest -->
      </class> <!-- com.javacodegeeks.testng.maven.TestNgMavenSecondClass -->
    </test> <!-- Command line test -->
  </suite> <!-- Command line suite -->
</testng-results>
